HustHoleTestZK/app/build/intermediates/manifest_merge_blame_file/debug/manifest-merger-blame-debug-report.txt
1<?xml version="1.0" encoding="utf-8"?>
2<manifest xmlns:android="http://schemas.android.com/apk/res/android"
3    package="com.example.hustholetest1"
4    android:versionCode="1"
5    android:versionName="1.0" >
6
7    <uses-sdk
8        android:minSdkVersion="19"
8-->src\main\AndroidManifest.xml
9        android:targetSdkVersion="26" />
9-->src\main\AndroidManifest.xml
10
11    <uses-permission android:name="android.permission.SYSTEM_ALERT_WINDOW" />
11-->src\main\AndroidManifest.xml:5:5-78
11-->src\main\AndroidManifest.xml:5:22-75
12
13    <permission android:name="android.permission.WRITE_SETTINGS" />
13-->src\main\AndroidManifest.xml:6:5-68
13-->src\main\AndroidManifest.xml:6:17-65
14
15    <uses-permission android:name="android.permission.INTERNET" />
15-->src\main\AndroidManifest.xml:7:5-67
15-->src\main\AndroidManifest.xml:7:22-64
16
17    <application
17-->src\main\AndroidManifest.xml:9:5-63:19
18        android:allowBackup="true"
18-->src\main\AndroidManifest.xml:10:9-35
19        android:appComponentFactory="androidx.core.app.CoreComponentFactory"
19-->[androidx.core:core:1.7.0-alpha01] AndroidManifest.xml:24:18-86
20        android:debuggable="true"
21        android:icon="@mipmap/ic_launcher"
21-->src\main\AndroidManifest.xml:11:9-43
22        android:label="@string/app_name"
22-->src\main\AndroidManifest.xml:12:9-41
23        android:roundIcon="@mipmap/ic_launcher_round"
23-->src\main\AndroidManifest.xml:13:9-54
24        android:supportsRtl="true"
24-->src\main\AndroidManifest.xml:14:9-35
25        android:theme="@style/Theme.HustHoleTest1" >
25-->src\main\AndroidManifest.xml:15:9-51
26        <meta-data
26-->src\main\AndroidManifest.xml:17:9-19:35
27            android:name="design_width_in_dp"
27-->src\main\AndroidManifest.xml:18:13-46
28            android:value="375" />
28-->src\main\AndroidManifest.xml:19:13-32
29        <meta-data
29-->src\main\AndroidManifest.xml:20:9-22:35
30            android:name="design_height_in_dp"
30-->src\main\AndroidManifest.xml:21:13-47
31            android:value="724" />
31-->src\main\AndroidManifest.xml:22:13-32
32
33        <activity
33-->src\main\AndroidManifest.xml:24:9-31:20
34            android:name="com.example.hustholetest1.View.RegisterAndLogin.Activity.WelcomeActivity"
34-->src\main\AndroidManifest.xml:25:13-75
35            android:screenOrientation="portrait" >
35-->src\main\AndroidManifest.xml:26:13-49
36            <intent-filter>
36-->src\main\AndroidManifest.xml:27:13-30:29
37                <action android:name="android.intent.action.MAIN" />
37-->src\main\AndroidManifest.xml:28:17-69
37-->src\main\AndroidManifest.xml:28:25-66
38
39                <category android:name="android.intent.category.LAUNCHER" />
39-->src\main\AndroidManifest.xml:29:17-77
39-->src\main\AndroidManifest.xml:29:27-74
40            </intent-filter>
41        </activity>
42        <activity
42-->src\main\AndroidManifest.xml:32:9-35:52
43            android:name="com.example.hustholetest1.View.RegisterAndLogin.Activity.RegisterActivity"
43-->src\main\AndroidManifest.xml:33:13-76
44            android:launchMode="singleTask"
44-->src\main\AndroidManifest.xml:34:13-44
45            android:screenOrientation="portrait" />
45-->src\main\AndroidManifest.xml:35:13-49
46        <activity
46-->src\main\AndroidManifest.xml:36:9-39:52
47            android:name="com.example.hustholetest1.View.RegisterAndLogin.Activity.LoginActivity"
47-->src\main\AndroidManifest.xml:37:13-73
48            android:launchMode="singleTask"
48-->src\main\AndroidManifest.xml:38:13-44
49            android:screenOrientation="portrait" />
49-->src\main\AndroidManifest.xml:39:13-49
50        <activity
50-->src\main\AndroidManifest.xml:40:9-43:52
51            android:name="com.example.hustholetest1.View.RegisterAndLogin.Activity.Login2Activity"
51-->src\main\AndroidManifest.xml:41:13-74
52            android:launchMode="singleTask"
52-->src\main\AndroidManifest.xml:42:13-44
53            android:screenOrientation="portrait" />
53-->src\main\AndroidManifest.xml:43:13-49
54        <activity
54-->src\main\AndroidManifest.xml:44:9-47:52
55            android:name="com.example.hustholetest1.View.RetrievePassword.Activity.ForgetPasswordActivity"
55-->src\main\AndroidManifest.xml:45:13-82
56            android:launchMode="singleTask"
56-->src\main\AndroidManifest.xml:46:13-44
57            android:screenOrientation="portrait" />
57-->src\main\AndroidManifest.xml:47:13-49
58        <activity
58-->src\main\AndroidManifest.xml:48:9-51:52
59            android:name="com.example.hustholetest1.View.RetrievePassword.Activity.VerificationCodeActivity"
59-->src\main\AndroidManifest.xml:49:13-84
60            android:launchMode="singleTask"
60-->src\main\AndroidManifest.xml:50:13-44
61            android:screenOrientation="portrait" />
61-->src\main\AndroidManifest.xml:51:13-49
62        <activity
62-->src\main\AndroidManifest.xml:52:9-55:52
63            android:name="com.example.hustholetest1.View.RetrievePassword.Activity.ModifyPasswordActivity"
63-->src\main\AndroidManifest.xml:53:13-82
64            android:launchMode="singleTask"
64-->src\main\AndroidManifest.xml:54:13-44
65            android:screenOrientation="portrait" />
65-->src\main\AndroidManifest.xml:55:13-49
66        <activity
66-->src\main\AndroidManifest.xml:56:9-59:52
67            android:name="com.example.hustholetest1.View.HomePage.Activity.HomePageActivity"
67-->src\main\AndroidManifest.xml:57:13-68
68            android:launchMode="singleTask"
68-->src\main\AndroidManifest.xml:58:13-44
69            android:screenOrientation="portrait" />
69-->src\main\AndroidManifest.xml:59:13-49
70        <activity
70-->src\main\AndroidManifest.xml:60:9-62:61
71            android:name="com.example.hustholetest1.View.HomePage.fragment.SystemNotification"
71-->src\main\AndroidManifest.xml:60:19-76
72            android:launchMode="singleTask"
72-->src\main\AndroidManifest.xml:61:13-44
73            android:screenOrientation="portrait" />
73-->src\main\AndroidManifest.xml:62:13-49
74
75        <provider
75-->[me.jessyan:autosize:1.2.1] AndroidManifest.xml:12:9-16:43
76            android:name="me.jessyan.autosize.InitProvider"
76-->[me.jessyan:autosize:1.2.1] AndroidManifest.xml:13:13-60
77            android:authorities="com.example.hustholetest1.autosize-init-provider"
77-->[me.jessyan:autosize:1.2.1] AndroidManifest.xml:14:13-74
78            android:exported="false"
78-->[me.jessyan:autosize:1.2.1] AndroidManifest.xml:15:13-37
79            android:multiprocess="true" />
79-->[me.jessyan:autosize:1.2.1] AndroidManifest.xml:16:13-40
80    </application>
81
82</manifest>